<?xml version="1.0" encoding="UTF-8"?>
<testng-results ignored="0" total="1" passed="1" failed="0" skipped="0">
  <reporter-output>
  </reporter-output>
  <suite started-at="2022-01-15T07:49:16 IST" name="Default suite" finished-at="2022-01-15T07:49:16 IST" duration-ms="147">
    <groups>
    </groups>
    <test started-at="2022-01-15T07:49:16 IST" name="Default test" finished-at="2022-01-15T07:49:16 IST" duration-ms="147">
      <class name="com.test.AllAnnotationsDemo">
        <test-method is-config="true" signature="beforeSuiteTest()[pri:0, instance:com.test.AllAnnotationsDemo@33990a0c]" started-at="2022-01-15T07:49:16 IST" name="beforeSuiteTest" finished-at="2022-01-15T07:49:16 IST" duration-ms="20" status="PASS">
          <reporter-output>
          </reporter-output>
        </test-method> <!-- beforeSuiteTest -->
        <test-method is-config="true" signature="beforetest()[pri:0, instance:com.test.AllAnnotationsDemo@33990a0c]" started-at="2022-01-15T07:49:16 IST" name="beforetest" finished-at="2022-01-15T07:49:16 IST" duration-ms="0" status="PASS">
          <reporter-output>
          </reporter-output>
        </test-method> <!-- beforetest -->
        <test-method is-config="true" signature="beforeClasstest()[pri:0, instance:com.test.AllAnnotationsDemo@33990a0c]" started-at="2022-01-15T07:49:16 IST" name="beforeClasstest" finished-at="2022-01-15T07:49:16 IST" duration-ms="1" status="PASS">
          <reporter-output>
          </reporter-output>
        </test-method> <!-- beforeClasstest -->
        <test-method is-config="true" signature="beforeMethodtest()[pri:0, instance:com.test.AllAnnotationsDemo@33990a0c]" started-at="2022-01-15T07:49:16 IST" name="beforeMethodtest" finished-at="2022-01-15T07:49:16 IST" duration-ms="0" status="PASS">
          <reporter-output>
          </reporter-output>
        </test-method> <!-- beforeMethodtest -->
        <test-method signature="test()[pri:0, instance:com.test.AllAnnotationsDemo@33990a0c]" started-at="2022-01-15T07:49:16 IST" name="test" finished-at="2022-01-15T07:49:16 IST" duration-ms="27" status="PASS">
          <reporter-output>
          </reporter-output>
        </test-method> <!-- test -->
        <test-method is-config="true" signature="afterMethodtest()[pri:0, instance:com.test.AllAnnotationsDemo@33990a0c]" started-at="2022-01-15T07:49:16 IST" name="afterMethodtest" finished-at="2022-01-15T07:49:16 IST" duration-ms="1" status="PASS">
          <reporter-output>
          </reporter-output>
        </test-method> <!-- afterMethodtest -->
        <test-method is-config="true" signature="afterClasstest()[pri:0, instance:com.test.AllAnnotationsDemo@33990a0c]" started-at="2022-01-15T07:49:16 IST" name="afterClasstest" finished-at="2022-01-15T07:49:16 IST" duration-ms="1" status="PASS">
          <reporter-output>
          </reporter-output>
        </test-method> <!-- afterClasstest -->
        <test-method is-config="true" signature="aftertest()[pri:0, instance:com.test.AllAnnotationsDemo@33990a0c]" started-at="2022-01-15T07:49:16 IST" name="aftertest" finished-at="2022-01-15T07:49:16 IST" duration-ms="1" status="PASS">
          <reporter-output>
          </reporter-output>
        </test-method> <!-- aftertest -->
        <test-method is-config="true" signature="afterSuiteTest()[pri:0, instance:com.test.AllAnnotationsDemo@33990a0c]" started-at="2022-01-15T07:49:16 IST" name="afterSuiteTest" finished-at="2022-01-15T07:49:16 IST" duration-ms="0" status="PASS">
          <reporter-output>
          </reporter-output>
        </test-method> <!-- afterSuiteTest -->
      </class> <!-- com.test.AllAnnotationsDemo -->
    </test> <!-- Default test -->
  </suite> <!-- Default suite -->
</testng-results>
