<?xml version="1.0" encoding="UTF-8"?>
<testng-results ignored="0" total="1" passed="1" failed="0" skipped="0">
  <reporter-output>
  </reporter-output>
  <suite started-at="2022-02-01T14:18:22 IST" name="Default suite" finished-at="2022-02-01T14:19:17 IST" duration-ms="55301">
    <groups>
    </groups>
    <test started-at="2022-02-01T14:18:22 IST" name="Default test" finished-at="2022-02-01T14:19:17 IST" duration-ms="55301">
      <class name="locatorDemo.DemoNavigateCommands">
        <test-method is-config="true" signature="launchBrowser()[pri:0, instance:locatorDemo.DemoNavigateCommands@223aa2f7]" started-at="2022-02-01T14:18:22 IST" name="launchBrowser" finished-at="2022-02-01T14:18:30 IST" duration-ms="8398" status="PASS">
          <reporter-output>
          </reporter-output>
        </test-method> <!-- launchBrowser -->
        <test-method signature="validateForms()[pri:0, instance:locatorDemo.DemoNavigateCommands@223aa2f7]" started-at="2022-02-01T14:18:30 IST" name="validateForms" finished-at="2022-02-01T14:19:17 IST" duration-ms="46371" status="PASS">
          <reporter-output>
          </reporter-output>
        </test-method> <!-- validateForms -->
        <test-method is-config="true" signature="closeApplication()[pri:0, instance:locatorDemo.DemoNavigateCommands@223aa2f7]" started-at="2022-02-01T14:19:17 IST" name="closeApplication" finished-at="2022-02-01T14:19:17 IST" duration-ms="437" status="PASS">
          <reporter-output>
          </reporter-output>
        </test-method> <!-- closeApplication -->
      </class> <!-- locatorDemo.DemoNavigateCommands -->
    </test> <!-- Default test -->
  </suite> <!-- Default suite -->
</testng-results>
