<?xml version="1.0" encoding="UTF-8"?>
<!-- Generated by org.testng.reporters.JUnitXMLReporter -->
<testsuite ignored="0" hostname="DESKTOP-GLJ4AI4" failures="0" tests="3" name="TC002" time="0.148" errors="0" timestamp="2022-01-17T08:18:59 IST">
  <testcase classname="TestNGDemo.TestClass02" name="method4" time="0.027"/>
  <testcase classname="TestNGDemo.TestClass02" name="method5" time="0.015"/>
  <testcase classname="TestNGDemo.TestClass02" name="method6" time="0.004"/>
</testsuite> <!-- TC002 -->
