<?xml version="1.0" encoding="UTF-8"?>
<!-- Generated by org.testng.reporters.JUnitXMLReporter -->
<testsuite ignored="1" hostname="DESKTOP-GLJ4AI4" failures="0" tests="2" name="TC001" time="0.138" errors="0" timestamp="2022-01-17T08:18:59 IST">
  <testcase classname="TestNGDemo.TestClass01" name="method1" time="0.024"/>
  <testcase classname="TestNGDemo.TestClass01" name="method3" time="0.006"/>
  <testcase classname="TestNGDemo.TestClass01" name="method2" time="0.0">
    <ignored/>
  </testcase> <!-- method2 -->
</testsuite> <!-- TC001 -->
